<?xml version="1.0" encoding="UTF-8"?>
<!-- Generated by org.testng.reporters.JUnitXMLReporter -->
<testsuite hostname="gongxiaoqin-nb" name="Default test" tests="1" failures="0" timestamp="4 Aug 2016 07:03:23 GMT" time="0.061" errors="0">
  <testcase name="@BeforeClass beforeClass" time="0.0" classname="common.Vod_queryByCode">
    <failure type="org.testng.TestNGException" message="
Parameter &amp;apos;BaseUrl&amp;apos; is required by @Configuration on method beforeClass but has not been marked @Optional or defined
in C:\Users\gong.xiaoqin\AppData\Local\Temp\testng-eclipse-2085773232\testng-customsuite.xml">
      <![CDATA[org.testng.TestNGException: 
Parameter 'BaseUrl' is required by @Configuration on method beforeClass but has not been marked @Optional or defined
in C:\Users\gong.xiaoqin\AppData\Local\Temp\testng-eclipse-2085773232\testng-customsuite.xml
	at org.testng.internal.Parameters.createParameters(Parameters.java:155)
	at org.testng.internal.Parameters.createParameters(Parameters.java:358)
	at org.testng.internal.Parameters.createConfigurationParameters(Parameters.java:86)
	at org.testng.internal.Invoker.invokeConfigurations(Invoker.java:199)
	at org.testng.internal.Invoker.invokeConfigurations(Invoker.java:138)
	at org.testng.internal.TestMethodWorker.invokeBeforeClassMethods(TestMethodWorker.java:175)
	at org.testng.internal.TestMethodWorker.run(TestMethodWorker.java:107)
	at org.testng.TestRunner.privateRun(TestRunner.java:767)
	at org.testng.TestRunner.run(TestRunner.java:617)
	at org.testng.SuiteRunner.runTest(SuiteRunner.java:334)
	at org.testng.SuiteRunner.runSequentially(SuiteRunner.java:329)
	at org.testng.SuiteRunner.privateRun(SuiteRunner.java:291)
	at org.testng.SuiteRunner.run(SuiteRunner.java:240)
	at org.testng.SuiteRunnerWorker.runSuite(SuiteRunnerWorker.java:52)
	at org.testng.SuiteRunnerWorker.run(SuiteRunnerWorker.java:86)
	at org.testng.TestNG.runSuitesSequentially(TestNG.java:1224)
	at org.testng.TestNG.runSuitesLocally(TestNG.java:1149)
	at org.testng.TestNG.run(TestNG.java:1057)
	at org.testng.remote.AbstractRemoteTestNG.run(AbstractRemoteTestNG.java:126)
	at org.testng.remote.RemoteTestNG.initAndRun(RemoteTestNG.java:152)
	at org.testng.remote.RemoteTestNG.main(RemoteTestNG.java:57)
]]>
    </failure>
  </testcase> <!-- @BeforeClass beforeClass -->
  <testcase name="@AfterClass afterClass" time="0.0" classname="common.Vod_queryByCode">
    <skipped/>
  </testcase> <!-- @AfterClass afterClass -->
  <testcase name="queryByCode" time="0.0" classname="common.Vod_queryByCode">
    <skipped/>
  </testcase> <!-- queryByCode -->
</testsuite> <!-- Default test -->
